

Version:	3.5
CmdLine:	C:\Users\Davies\Desktop\App\Library Software.exe --l4j-debug
WOW64:		yes
Working dir:	C:\Users\Davies\Desktop\App\.
64-bit search:	SOFTWARE\JavaSoft\Java Runtime Environment...
Check:		SOFTWARE\JavaSoft\Java Runtime Environment\1.8
Ignore:		1.8
Check:		SOFTWARE\JavaSoft\Java Runtime Environment\1.8.0_141
Check launcher:	C:\Program Files\Java\jre1.8.0_141\bin\javaw.exe (OK)
Match:		1.8.0_141
64-bit search:	SOFTWARE\JavaSoft\Java Development Kit...
Check:		SOFTWARE\JavaSoft\Java Development Kit\1.8
Ignore:		1.8
Check:		SOFTWARE\JavaSoft\Java Development Kit\1.8.0_141
Ignore:		1.8.0_141
Runtime used:	1.8.0_141 (64-bit)
Launcher:	C:\Program Files\Java\jre1.8.0_141\bin\javaw.exe
Launcher args:	-jar "C:\Users\Davies\Desktop\App\Library Software.exe"
Args length:	55/32768 chars
Exit code:	0


Version:	3.5
CmdLine:	C:\Users\Davies\Desktop\App\Library Software.exe --l4j-debug
WOW64:		yes
Working dir:	C:\Users\Davies\Desktop\App\.
64-bit search:	SOFTWARE\JavaSoft\Java Runtime Environment...
Check:		SOFTWARE\JavaSoft\Java Runtime Environment\1.8
Ignore:		1.8
Check:		SOFTWARE\JavaSoft\Java Runtime Environment\1.8.0_141
Check launcher:	C:\Program Files\Java\jre1.8.0_141\bin\javaw.exe (OK)
Match:		1.8.0_141
64-bit search:	SOFTWARE\JavaSoft\Java Development Kit...
Check:		SOFTWARE\JavaSoft\Java Development Kit\1.8
Ignore:		1.8
Check:		SOFTWARE\JavaSoft\Java Development Kit\1.8.0_141
Ignore:		1.8.0_141
Runtime used:	1.8.0_141 (64-bit)
Launcher:	C:\Program Files\Java\jre1.8.0_141\bin\javaw.exe
Launcher args:	-jar "C:\Users\Davies\Desktop\App\Library Software.exe"
Args length:	55/32768 chars
Exit code:	0
